<?xml version="1.0" encoding="UTF-8"?>
<!-- Generated by org.testng.reporters.JUnitXMLReporter -->
<testsuite hostname="Priyanka_Acer" name="Test" tests="10" failures="3" timestamp="30 May 2019 09:43:33 GMT" time="90.331" errors="0">
  <testcase name="validateTitle" time="0.107" classname="com.qa.testcases.LoginPageTest">
    <failure type="java.lang.AssertionError" message="expected [ShopCartt &amp;gt; Administration panel (PrestaShopâ)] but found [ShopCartt &amp;gt; Administration panel (PrestaShop™)]">
      <![CDATA[java.lang.AssertionError: expected [ShopCartt > Administration panel (PrestaShopâ)] but found [ShopCartt > Administration panel (PrestaShop™)]
	at com.qa.testcases.LoginPageTest.validateTitle(LoginPageTest.java:33)
... Removed 29 stack frames]]>
    </failure>
  </testcase> <!-- validateTitle -->
  <testcase name="validatePrestaLogo" time="0.092" classname="com.qa.testcases.LoginPageTest"/>
  <testcase name="validatePrestaLogoText" time="0.081" classname="com.qa.testcases.LoginPageTest"/>
  <testcase name="validateCurrentUrl" time="0.019" classname="com.qa.testcases.LoginPageTest"/>
  <testcase name="validateTextBelowLogo" time="0.087" classname="com.qa.testcases.LoginPageTest"/>
  <testcase name="validateEmailLable" time="0.094" classname="com.qa.testcases.LoginPageTest"/>
  <testcase name="validateEmailPlaceholder" time="0.061" classname="com.qa.testcases.LoginPageTest">
    <failure type="java.lang.AssertionError" message="expected [test@example.com] but found [ test@example.com]">
      <![CDATA[java.lang.AssertionError: expected [test@example.com] but found [ test@example.com]
	at com.qa.testcases.LoginPageTest.validateEmailPlaceholder(LoginPageTest.java:71)
... Removed 29 stack frames]]>
    </failure>
  </testcase> <!-- validateEmailPlaceholder -->
  <testcase name="validatePasswordPlaceholder" time="0.059" classname="com.qa.testcases.LoginPageTest">
    <failure type="java.lang.AssertionError" message="expected [? Password] but found [ Password]">
      <![CDATA[java.lang.AssertionError: expected [? Password] but found [ Password]
	at com.qa.testcases.LoginPageTest.validatePasswordPlaceholder(LoginPageTest.java:77)
... Removed 29 stack frames]]>
    </failure>
  </testcase> <!-- validatePasswordPlaceholder -->
  <testcase name="validateBlankEmailPassword" time="2.403" classname="com.qa.testcases.LoginPageTest"/>
  <testcase name="validateBlankEmailAndValidPassword" time="2.361" classname="com.qa.testcases.LoginPageTest"/>
</testsuite> <!-- Test -->
