<!DOCTYPE html PUBLIC "-//W3C//DTD XHTML 1.1//EN" "http://www.w3.org/TR/xhtml11/DTD/xhtml11.dtd">
<html xmlns="http://www.w3.org/1999/xhtml"><head><title>TestNG Report</title><style type="text/css">table {margin-bottom:10px;border-collapse:collapse;empty-cells:show}th,td {border:1px solid #009;padding:.25em .5em}th {vertical-align:bottom}td {vertical-align:top}table a {font-weight:bold}.stripe td {background-color: #E6EBF9}.num {text-align:right}.passedodd td {background-color: #3F3}.passedeven td {background-color: #0A0}.skippedodd td {background-color: #DDD}.skippedeven td {background-color: #CCC}.failedodd td,.attn {background-color: #F33}.failedeven td,.stripe .attn {background-color: #D00}.stacktrace {white-space:pre;font-family:monospace}.totop {font-size:85%;text-align:center;border-bottom:2px solid #000}</style></head><body><table><tr><th>Test</th><th># Passed</th><th># Skipped</th><th># Failed</th><th>Time (ms)</th><th>Included Groups</th><th>Excluded Groups</th></tr><tr><th colspan="7">Suite</th></tr><tr><td><a href="#t0">Test</a></td><td class="num">7</td><td class="num">0</td><td class="num attn">3</td><td class="num">90,331</td><td></td><td></td></tr></table><table><thead><tr><th>Class</th><th>Method</th><th>Start</th><th>Time (ms)</th></tr></thead><tbody><tr><th colspan="4">Suite</th></tr></tbody><tbody id="t0"><tr><th colspan="4">Test &#8212; failed</th></tr><tr class="failedeven"><td rowspan="3">com.qa.testcases.LoginPageTest</td><td><a href="#m0">validateEmailPlaceholder</a></td><td rowspan="1">1559209378347</td><td rowspan="1">61</td></tr><tr class="failedeven"><td><a href="#m1">validatePasswordPlaceholder</a></td><td rowspan="1">1559209389981</td><td rowspan="1">59</td></tr><tr class="failedeven"><td><a href="#m2">validateTitle</a></td><td rowspan="1">1559209332656</td><td rowspan="1">107</td></tr><tr><th colspan="4">Test &#8212; passed</th></tr><tr class="passedeven"><td rowspan="7">com.qa.testcases.LoginPageTest</td><td><a href="#m3">validateBlankEmailAndValidPassword</a></td><td rowspan="1">1559209410755</td><td rowspan="1">2361</td></tr><tr class="passedeven"><td><a href="#m4">validateBlankEmailPassword</a></td><td rowspan="1">1559209398070</td><td rowspan="1">2403</td></tr><tr class="passedeven"><td><a href="#m5">validateCurrentUrl</a></td><td rowspan="1">1559209356540</td><td rowspan="1">19</td></tr><tr class="passedeven"><td><a href="#m6">validateEmailLable</a></td><td rowspan="1">1559209371952</td><td rowspan="1">94</td></tr><tr class="passedeven"><td><a href="#m7">validatePrestaLogo</a></td><td rowspan="1">1559209342518</td><td rowspan="1">92</td></tr><tr class="passedeven"><td><a href="#m8">validatePrestaLogoText</a></td><td rowspan="1">1559209348446</td><td rowspan="1">81</td></tr><tr class="passedeven"><td><a href="#m9">validateTextBelowLogo</a></td><td rowspan="1">1559209364829</td><td rowspan="1">87</td></tr></tbody></table><h2>Test</h2><h3 id="m0">com.qa.testcases.LoginPageTest#validateEmailPlaceholder</h3><table class="result"><tr><th>Exception</th></tr><tr><td><div class="stacktrace">java.lang.AssertionError: expected [test@example.com] but found [? test@example.com]
	at com.qa.testcases.LoginPageTest.validateEmailPlaceholder(LoginPageTest.java:71)
... Removed 29 stack frames</div></td></tr></table><p class="totop"><a href="#summary">back to summary</a></p><h3 id="m1">com.qa.testcases.LoginPageTest#validatePasswordPlaceholder</h3><table class="result"><tr><th>Exception</th></tr><tr><td><div class="stacktrace">java.lang.AssertionError: expected [? Password] but found [? Password]
	at com.qa.testcases.LoginPageTest.validatePasswordPlaceholder(LoginPageTest.java:77)
... Removed 29 stack frames</div></td></tr></table><p class="totop"><a href="#summary">back to summary</a></p><h3 id="m2">com.qa.testcases.LoginPageTest#validateTitle</h3><table class="result"><tr><th>Exception</th></tr><tr><td><div class="stacktrace">java.lang.AssertionError: expected [ShopCartt &gt; Administration panel (PrestaShopâ)] but found [ShopCartt &gt; Administration panel (PrestaShop™)]
	at com.qa.testcases.LoginPageTest.validateTitle(LoginPageTest.java:33)
... Removed 29 stack frames</div></td></tr></table><p class="totop"><a href="#summary">back to summary</a></p><h3 id="m3">com.qa.testcases.LoginPageTest#validateBlankEmailAndValidPassword</h3><table class="result"></table><p class="totop"><a href="#summary">back to summary</a></p><h3 id="m4">com.qa.testcases.LoginPageTest#validateBlankEmailPassword</h3><table class="result"></table><p class="totop"><a href="#summary">back to summary</a></p><h3 id="m5">com.qa.testcases.LoginPageTest#validateCurrentUrl</h3><table class="result"></table><p class="totop"><a href="#summary">back to summary</a></p><h3 id="m6">com.qa.testcases.LoginPageTest#validateEmailLable</h3><table class="result"></table><p class="totop"><a href="#summary">back to summary</a></p><h3 id="m7">com.qa.testcases.LoginPageTest#validatePrestaLogo</h3><table class="result"></table><p class="totop"><a href="#summary">back to summary</a></p><h3 id="m8">com.qa.testcases.LoginPageTest#validatePrestaLogoText</h3><table class="result"></table><p class="totop"><a href="#summary">back to summary</a></p><h3 id="m9">com.qa.testcases.LoginPageTest#validateTextBelowLogo</h3><table class="result"></table><p class="totop"><a href="#summary">back to summary</a></p></body></html>